
> vibe-generated-app@1.0.0 dev
> vite


  VITE v5.4.20  ready in 251 ms

  ➜  Local:   http://localhost:3000/
  ➜  Network: http://172.20.2.125:3000/
3:15:18 PM [vite] Pre-transform error: Transform failed with 1 error:
/home/workspace/src/components/ProjectsSkills.jsx:20:37: ERROR: Syntax error "\"
3:15:20 PM [vite] Internal server error: Transform failed with 1 error:
/home/workspace/src/components/ProjectsSkills.jsx:20:37: ERROR: Syntax error "\"
  Plugin: vite:esbuild
  File: /home/workspace/src/components/ProjectsSkills.jsx:20:37
  
  Syntax error "\"
  18 |          // crude parsing: find blocks like https://zidandev.itch.io/<slug> and thumbnails https://img.itch.zone/... .jpg/.png
  19 |          const linkRegex = /https?:\/\/zidandev\.itch\.io\/[a-z0-9-]+/gi;
  20 |          const imgRegex = /https?:\\/\\/img\.itch\.zone\\/.*?\.(?:png|jpg|jpeg|webp)/gi;
     |                                       ^
  21 |          const titleRegex = /<h2[^>]*>(.*?)<\\/h2>/gi;
  22 |  
  
      at failureErrorWithLog (/home/workspace/node_modules/esbuild/lib/main.js:1472:15)
      at /home/workspace/node_modules/esbuild/lib/main.js:755:50
      at responseCallbacks.<computed> (/home/workspace/node_modules/esbuild/lib/main.js:622:9)
      at handleIncomingPacket (/home/workspace/node_modules/esbuild/lib/main.js:677:12)
      at Socket.readFromStdout (/home/workspace/node_modules/esbuild/lib/main.js:600:7)
      at Socket.emit (node:events:508:28)
      at addChunk (node:internal/streams/readable:559:12)
      at readableAddChunkPushByteMode (node:internal/streams/readable:510:3)
      at Readable.push (node:internal/streams/readable:390:5)
      at Pipe.onStreamRead (node:internal/stream_base_commons:189:23)
